<?xml version="1.0" encoding="UTF-8"?>
<testsuite xmlns:xsi="http://www.w3.org/2001/XMLSchema-instance" xsi:noNamespaceSchemaLocation="https://maven.apache.org/surefire/maven-surefire-plugin/xsd/surefire-test-report.xsd" name="com.epam.rd.servlets.expressioncalc.CalcServletTest" time="1.009" tests="9" errors="0" skipped="0" failures="0">
  <properties>
    <property name="java.specification.version" value="19"/>
    <property name="sun.cpu.isalist" value="amd64"/>
    <property name="sun.jnu.encoding" value="Cp1252"/>
    <property name="java.class.path" value="C:\Users\blackwhissh\Desktop\epam exam\expression-calculator\target\test-classes;C:\Users\blackwhissh\Desktop\epam exam\expression-calculator\target\classes;C:\Users\blackwhissh\.m2\repository\javax\servlet\javax.servlet-api\3.1.0\javax.servlet-api-3.1.0.jar;C:\Users\blackwhissh\.m2\repository\org\apache\commons\commons-text\1.9\commons-text-1.9.jar;C:\Users\blackwhissh\.m2\repository\org\apache\commons\commons-lang3\3.11\commons-lang3-3.11.jar;C:\Users\blackwhissh\.m2\repository\org\apache\tomcat\embed\tomcat-embed-jasper\8.0.47\tomcat-embed-jasper-8.0.47.jar;C:\Users\blackwhissh\.m2\repository\org\apache\tomcat\embed\tomcat-embed-core\8.0.47\tomcat-embed-core-8.0.47.jar;C:\Users\blackwhissh\.m2\repository\org\apache\tomcat\tomcat-annotations-api\8.0.47\tomcat-annotations-api-8.0.47.jar;C:\Users\blackwhissh\.m2\repository\org\apache\tomcat\embed\tomcat-embed-el\8.0.47\tomcat-embed-el-8.0.47.jar;C:\Users\blackwhissh\.m2\repository\org\eclipse\jdt\ecj\3.12.3\ecj-3.12.3.jar;C:\Users\blackwhissh\.m2\repository\org\apache\httpcomponents\httpclient\4.5.10\httpclient-4.5.10.jar;C:\Users\blackwhissh\.m2\repository\org\apache\httpcomponents\httpcore\4.4.12\httpcore-4.4.12.jar;C:\Users\blackwhissh\.m2\repository\commons-logging\commons-logging\1.2\commons-logging-1.2.jar;C:\Users\blackwhissh\.m2\repository\commons-codec\commons-codec\1.11\commons-codec-1.11.jar;C:\Users\blackwhissh\.m2\repository\com\google\guava\guava\23.0\guava-23.0.jar;C:\Users\blackwhissh\.m2\repository\com\google\code\findbugs\jsr305\1.3.9\jsr305-1.3.9.jar;C:\Users\blackwhissh\.m2\repository\com\google\errorprone\error_prone_annotations\2.0.18\error_prone_annotations-2.0.18.jar;C:\Users\blackwhissh\.m2\repository\com\google\j2objc\j2objc-annotations\1.1\j2objc-annotations-1.1.jar;C:\Users\blackwhissh\.m2\repository\org\codehaus\mojo\animal-sniffer-annotations\1.14\animal-sniffer-annotations-1.14.jar;C:\Users\blackwhissh\.m2\repository\org\junit\jupiter\junit-jupiter-engine\5.6.2\junit-jupiter-engine-5.6.2.jar;C:\Users\blackwhissh\.m2\repository\org\apiguardian\apiguardian-api\1.1.0\apiguardian-api-1.1.0.jar;C:\Users\blackwhissh\.m2\repository\org\junit\platform\junit-platform-engine\1.6.2\junit-platform-engine-1.6.2.jar;C:\Users\blackwhissh\.m2\repository\org\junit\jupiter\junit-jupiter-api\5.6.2\junit-jupiter-api-5.6.2.jar;C:\Users\blackwhissh\.m2\repository\org\opentest4j\opentest4j\1.2.0\opentest4j-1.2.0.jar;C:\Users\blackwhissh\.m2\repository\org\junit\platform\junit-platform-commons\1.6.2\junit-platform-commons-1.6.2.jar;"/>
    <property name="java.vm.vendor" value="Oracle Corporation"/>
    <property name="sun.arch.data.model" value="64"/>
    <property name="user.variant" value=""/>
    <property name="java.vendor.url" value="https://java.oracle.com/"/>
    <property name="user.timezone" value="Asia/Tbilisi"/>
    <property name="os.name" value="Windows 10"/>
    <property name="java.vm.specification.version" value="19"/>
    <property name="sun.java.launcher" value="SUN_STANDARD"/>
    <property name="user.country" value="US"/>
    <property name="sun.boot.library.path" value="D:\jdk-19.0.2\bin"/>
    <property name="sun.java.command" value="C:\Users\BLACKW~1\AppData\Local\Temp\surefire17752486257819825682\surefirebooter14850974087104606627.jar C:\Users\blackwhissh\AppData\Local\Temp\surefire17752486257819825682 2023-12-08T00-27-29_375-jvmRun1 surefire15706880779762150971tmp surefire_09590722411952454434tmp"/>
    <property name="jdk.debug" value="release"/>
    <property name="surefire.test.class.path" value="C:\Users\blackwhissh\Desktop\epam exam\expression-calculator\target\test-classes;C:\Users\blackwhissh\Desktop\epam exam\expression-calculator\target\classes;C:\Users\blackwhissh\.m2\repository\javax\servlet\javax.servlet-api\3.1.0\javax.servlet-api-3.1.0.jar;C:\Users\blackwhissh\.m2\repository\org\apache\commons\commons-text\1.9\commons-text-1.9.jar;C:\Users\blackwhissh\.m2\repository\org\apache\commons\commons-lang3\3.11\commons-lang3-3.11.jar;C:\Users\blackwhissh\.m2\repository\org\apache\tomcat\embed\tomcat-embed-jasper\8.0.47\tomcat-embed-jasper-8.0.47.jar;C:\Users\blackwhissh\.m2\repository\org\apache\tomcat\embed\tomcat-embed-core\8.0.47\tomcat-embed-core-8.0.47.jar;C:\Users\blackwhissh\.m2\repository\org\apache\tomcat\tomcat-annotations-api\8.0.47\tomcat-annotations-api-8.0.47.jar;C:\Users\blackwhissh\.m2\repository\org\apache\tomcat\embed\tomcat-embed-el\8.0.47\tomcat-embed-el-8.0.47.jar;C:\Users\blackwhissh\.m2\repository\org\eclipse\jdt\ecj\3.12.3\ecj-3.12.3.jar;C:\Users\blackwhissh\.m2\repository\org\apache\httpcomponents\httpclient\4.5.10\httpclient-4.5.10.jar;C:\Users\blackwhissh\.m2\repository\org\apache\httpcomponents\httpcore\4.4.12\httpcore-4.4.12.jar;C:\Users\blackwhissh\.m2\repository\commons-logging\commons-logging\1.2\commons-logging-1.2.jar;C:\Users\blackwhissh\.m2\repository\commons-codec\commons-codec\1.11\commons-codec-1.11.jar;C:\Users\blackwhissh\.m2\repository\com\google\guava\guava\23.0\guava-23.0.jar;C:\Users\blackwhissh\.m2\repository\com\google\code\findbugs\jsr305\1.3.9\jsr305-1.3.9.jar;C:\Users\blackwhissh\.m2\repository\com\google\errorprone\error_prone_annotations\2.0.18\error_prone_annotations-2.0.18.jar;C:\Users\blackwhissh\.m2\repository\com\google\j2objc\j2objc-annotations\1.1\j2objc-annotations-1.1.jar;C:\Users\blackwhissh\.m2\repository\org\codehaus\mojo\animal-sniffer-annotations\1.14\animal-sniffer-annotations-1.14.jar;C:\Users\blackwhissh\.m2\repository\org\junit\jupiter\junit-jupiter-engine\5.6.2\junit-jupiter-engine-5.6.2.jar;C:\Users\blackwhissh\.m2\repository\org\apiguardian\apiguardian-api\1.1.0\apiguardian-api-1.1.0.jar;C:\Users\blackwhissh\.m2\repository\org\junit\platform\junit-platform-engine\1.6.2\junit-platform-engine-1.6.2.jar;C:\Users\blackwhissh\.m2\repository\org\junit\jupiter\junit-jupiter-api\5.6.2\junit-jupiter-api-5.6.2.jar;C:\Users\blackwhissh\.m2\repository\org\opentest4j\opentest4j\1.2.0\opentest4j-1.2.0.jar;C:\Users\blackwhissh\.m2\repository\org\junit\platform\junit-platform-commons\1.6.2\junit-platform-commons-1.6.2.jar;"/>
    <property name="sun.cpu.endian" value="little"/>
    <property name="user.home" value="C:\Users\blackwhissh"/>
    <property name="user.language" value="en"/>
    <property name="java.specification.vendor" value="Oracle Corporation"/>
    <property name="java.version.date" value="2023-01-17"/>
    <property name="java.home" value="D:\jdk-19.0.2"/>
    <property name="file.separator" value="\"/>
    <property name="basedir" value="C:\Users\blackwhissh\Desktop\epam exam\expression-calculator"/>
    <property name="java.vm.compressedOopsMode" value="Zero based"/>
    <property name="line.separator" value="&#10;"/>
    <property name="java.vm.specification.vendor" value="Oracle Corporation"/>
    <property name="java.specification.name" value="Java Platform API Specification"/>
    <property name="surefire.real.class.path" value="C:\Users\BLACKW~1\AppData\Local\Temp\surefire17752486257819825682\surefirebooter14850974087104606627.jar"/>
    <property name="user.script" value=""/>
    <property name="sun.management.compiler" value="HotSpot 64-Bit Tiered Compilers"/>
    <property name="java.runtime.version" value="19.0.2+7-44"/>
    <property name="user.name" value="blackwhissh"/>
    <property name="stdout.encoding" value="Cp1252"/>
    <property name="path.separator" value=";"/>
    <property name="os.version" value="10.0"/>
    <property name="java.runtime.name" value="Java(TM) SE Runtime Environment"/>
    <property name="file.encoding" value="UTF-8"/>
    <property name="java.vm.name" value="Java HotSpot(TM) 64-Bit Server VM"/>
    <property name="localRepository" value="C:\Users\blackwhissh\.m2\repository"/>
    <property name="java.vendor.url.bug" value="https://bugreport.java.com/bugreport/"/>
    <property name="java.io.tmpdir" value="C:\Users\BLACKW~1\AppData\Local\Temp\"/>
    <property name="idea.version" value="2023.2.5"/>
    <property name="java.version" value="19.0.2"/>
    <property name="user.dir" value="C:\Users\blackwhissh\Desktop\epam exam\expression-calculator"/>
    <property name="os.arch" value="amd64"/>
    <property name="java.vm.specification.name" value="Java Virtual Machine Specification"/>
    <property name="sun.os.patch.level" value=""/>
    <property name="native.encoding" value="Cp1252"/>
    <property name="java.library.path" value="D:\jdk-19.0.2\bin;C:\Windows\Sun\Java\bin;C:\Windows\system32;C:\Windows;C:\Program Files (x86)\VMware\VMware Workstation\bin\;C:\Windows\system32;C:\Windows;C:\Windows\System32\Wbem;C:\Windows\System32\WindowsPowerShell\v1.0\;C:\Windows\System32\OpenSSH\;C:\Program Files (x86)\NVIDIA Corporation\PhysX\Common;C:\Program Files\dotnet\;C:\Program Files\nodejs\;D:\apache-maven-3.9.2\bin;C:\Program Files\Docker\Docker\resources\bin;C:\Program Files\Git\cmd;C:\Program Files\Git\mingw64\bin;C:\Program Files\Git\usr\bin;C:\Users\blackwhissh\AppData\Local\Programs\Python\Python311\Scripts\;C:\Users\blackwhissh\AppData\Local\Programs\Python\Python311\;C:\Users\blackwhissh\AppData\Local\Microsoft\WindowsApps;D:\jdk-19.0.2\bin;;D:\IntelliJ IDEA\IntelliJ IDEA Community Edition 2022.3.2\bin;;C:\Users\blackwhissh\AppData\Local\Programs\Microsoft VS Code\bin;C:\Users\blackwhissh\.dotnet\tools;C:\Users\blackwhissh\AppData\Roaming\npm;C:\Program Files\JetBrains\IntelliJ IDEA 2023.2.5\bin;;."/>
    <property name="java.vm.info" value="mixed mode, sharing"/>
    <property name="stderr.encoding" value="Cp1252"/>
    <property name="java.vendor" value="Oracle Corporation"/>
    <property name="java.vm.version" value="19.0.2+7-44"/>
    <property name="sun.io.unicode.encoding" value="UnicodeLittle"/>
    <property name="java.class.version" value="63.0"/>
  </properties>
  <testcase name="test001" classname="com.epam.rd.servlets.expressioncalc.CalcServletTest" time="0.271"/>
  <testcase name="test002" classname="com.epam.rd.servlets.expressioncalc.CalcServletTest" time="0.004"/>
  <testcase name="test003" classname="com.epam.rd.servlets.expressioncalc.CalcServletTest" time="0.005"/>
  <testcase name="test004" classname="com.epam.rd.servlets.expressioncalc.CalcServletTest" time="0.005"/>
  <testcase name="test005" classname="com.epam.rd.servlets.expressioncalc.CalcServletTest" time="0.005"/>
  <testcase name="test006" classname="com.epam.rd.servlets.expressioncalc.CalcServletTest" time="0.005"/>
  <testcase name="test007" classname="com.epam.rd.servlets.expressioncalc.CalcServletTest" time="0.004"/>
  <testcase name="test008" classname="com.epam.rd.servlets.expressioncalc.CalcServletTest" time="0.004"/>
  <testcase name="test009" classname="com.epam.rd.servlets.expressioncalc.CalcServletTest" time="0.005"/>
</testsuite>